<?xml version="1.0" encoding="UTF-8"?>
<!-- Generated by org.testng.reporters.JUnitReportReporter -->
<testsuite hostname="DESKTOP-I1ONS44" failures="0" tests="1" name="com.projectname.qa.testclasses.LoginTest" time="1.293" errors="0" timestamp="9 Oct 2022 06:55:12 GMT">
  <testcase classname="com.projectname.qa.testclasses.LoginTest" name="FacebookLoginPageTest" time="1.293"/>
</testsuite>
