<?xml version="1.0" encoding="UTF-8"?>
<!-- Generated by org.testng.reporters.JUnitReportReporter -->
<testsuite hostname="DESKTOP-I1ONS44" failures="0" tests="1" name="com.projectname.qa.testclasses.RegistrationTest" time="3.318" errors="0" timestamp="9 Oct 2022 06:42:56 GMT">
  <testcase classname="com.projectname.qa.testclasses.RegistrationTest" name="FacebookRegistrationPageTest_Positive" time="3.318"/>
</testsuite>
